<?xml version="1.0" encoding="UTF-8"?>
<testng-results ignored="0" total="1" passed="1" failed="0" skipped="0">
  <reporter-output>
  </reporter-output>
  <suite started-at="2023-12-13T19:26:38 GMT" name=" Testing on Browser" finished-at="2023-12-13T19:27:02 GMT" duration-ms="24146">
    <groups>
    </groups>
    <test started-at="2023-12-13T19:26:38 GMT" name="Banking App Test on firefox" finished-at="2023-12-13T19:27:02 GMT" duration-ms="24146">
      <class name="com.testCases.LoginTestCase_001">
        <test-method is-config="true" signature="SetUpMethod(java.lang.String)[pri:0, instance:com.testCases.LoginTestCase_001@29526c05]" started-at="2023-12-13T19:26:38 GMT" name="SetUpMethod" finished-at="2023-12-13T19:27:00 GMT" duration-ms="21838" status="PASS">
          <params>
            <param index="0">
              <value>
                <![CDATA[firefox]]>
              </value>
            </param>
          </params>
          <reporter-output>
          </reporter-output>
        </test-method> <!-- SetUpMethod -->
        <test-method signature="login()[pri:0, instance:com.testCases.LoginTestCase_001@29526c05]" started-at="2023-12-13T19:27:00 GMT" name="login" finished-at="2023-12-13T19:27:00 GMT" duration-ms="61" status="PASS">
          <reporter-output>
          </reporter-output>
        </test-method> <!-- login -->
        <test-method is-config="true" signature="tearDown()[pri:0, instance:com.testCases.LoginTestCase_001@29526c05]" started-at="2023-12-13T19:27:00 GMT" name="tearDown" finished-at="2023-12-13T19:27:02 GMT" duration-ms="2017" status="PASS">
          <reporter-output>
          </reporter-output>
        </test-method> <!-- tearDown -->
      </class> <!-- com.testCases.LoginTestCase_001 -->
    </test> <!-- Banking App Test on firefox -->
  </suite> <!--  Testing on Browser -->
</testng-results>
